
*** Running vivado
    with args -log rp_top.vds -m64 -product Vivado -mode batch -messageDb vivado.pb -notrace -source rp_top.tcl



****** Vivado v2022.1 (64-bit)
  **** SW Build 3526262 on Mon Apr 18 15:48:16 MDT 2022
  **** IP Build 3524634 on Mon Apr 18 20:55:01 MDT 2022
    ** Copyright 1986-2022 Xilinx, Inc. All Rights Reserved.

source rp_top.tcl -notrace
Command: synth_design -top rp_top -part xc7z010clg400-1
Starting synth_design
Attempting to get a license for feature 'Synthesis' and/or device 'xc7z010'
INFO: [Common 17-349] Got license for feature 'Synthesis' and/or device 'xc7z010'
INFO: [Device 21-403] Loading part xc7z010clg400-1
INFO: [Synth 8-7079] Multithreading enabled for synth_design using a maximum of 2 processes.
INFO: [Synth 8-7078] Launching helper process for spawning children vivado processes
INFO: [Synth 8-7075] Helper process launched with PID 3036
---------------------------------------------------------------------------------
Starting RTL Elaboration : Time (s): cpu = 00:00:07 ; elapsed = 00:00:07 . Memory (MB): peak = 1274.598 ; gain = 0.000
---------------------------------------------------------------------------------
INFO: [Synth 8-638] synthesizing module 'rp_top' [C:/Temp/xsvece00/PLD/CV4/SOURCES/rp_top.vhd:16]
INFO: [Synth 8-3491] module 'seg_disp_driver' declared at 'C:/Temp/xsvece00/PLD/CV4/Stopwatch.runs/synth_1/.Xil/Vivado-1448-PC-079/realtime/seg_disp_driver_stub.v:5' bound to instance 'seg_disp_driver_i' of component 'seg_disp_driver' [C:/Temp/xsvece00/PLD/CV4/SOURCES/rp_top.vhd:124]
INFO: [Synth 8-6157] synthesizing module 'seg_disp_driver' [C:/Temp/xsvece00/PLD/CV4/Stopwatch.runs/synth_1/.Xil/Vivado-1448-PC-079/realtime/seg_disp_driver_stub.v:5]
INFO: [Synth 8-6155] done synthesizing module 'seg_disp_driver' (0#1) [C:/Temp/xsvece00/PLD/CV4/Stopwatch.runs/synth_1/.Xil/Vivado-1448-PC-079/realtime/seg_disp_driver_stub.v:5]
INFO: [Synth 8-3491] module 'ce_gen' declared at 'C:/Temp/xsvece00/PLD/CV4/SOURCES/ce_gen.vhd:6' bound to instance 'ce_gen_i' of component 'ce_gen' [C:/Temp/xsvece00/PLD/CV4/SOURCES/rp_top.vhd:139]
INFO: [Synth 8-638] synthesizing module 'ce_gen' [C:/Temp/xsvece00/PLD/CV4/SOURCES/ce_gen.vhd:18]
	Parameter G_DIV_FACT bound to: 500000 - type: integer 
INFO: [Synth 8-256] done synthesizing module 'ce_gen' (0#1) [C:/Temp/xsvece00/PLD/CV4/SOURCES/ce_gen.vhd:18]
	Parameter G_DEB_PERIOD bound to: 500000 - type: integer 
INFO: [Synth 8-3491] module 'btn_in' declared at 'C:/Temp/xsvece00/PLD/CV4/SOURCES/btn_in.vhd:6' bound to instance 'btn_in_1' of component 'btn_in' [C:/Temp/xsvece00/PLD/CV4/SOURCES/rp_top.vhd:149]
INFO: [Synth 8-638] synthesizing module 'btn_in' [C:/Temp/xsvece00/PLD/CV4/SOURCES/btn_in.vhd:22]
	Parameter G_DEB_PERIOD bound to: 500000 - type: integer 
INFO: [Synth 8-3491] module 'sync_reg' declared at 'C:/Temp/xsvece00/PLD/CV4/SOURCES/sync_reg.vhd:6' bound to instance 'sync_reg_i' of component 'sync_reg' [C:/Temp/xsvece00/PLD/CV4/SOURCES/btn_in.vhd:69]
INFO: [Synth 8-638] synthesizing module 'sync_reg' [C:/Temp/xsvece00/PLD/CV4/SOURCES/sync_reg.vhd:15]
INFO: [Synth 8-256] done synthesizing module 'sync_reg' (0#1) [C:/Temp/xsvece00/PLD/CV4/SOURCES/sync_reg.vhd:15]
	Parameter G_DEB_PERIOD bound to: 500000 - type: integer 
INFO: [Synth 8-3491] module 'debouncer' declared at 'C:/Temp/xsvece00/PLD/CV4/SOURCES/debouncer.vhd:6' bound to instance 'debouncer_i' of component 'debouncer' [C:/Temp/xsvece00/PLD/CV4/SOURCES/btn_in.vhd:78]
INFO: [Synth 8-638] synthesizing module 'debouncer' [C:/Temp/xsvece00/PLD/CV4/SOURCES/debouncer.vhd:18]
	Parameter G_DEB_PERIOD bound to: 500000 - type: integer 
INFO: [Synth 8-256] done synthesizing module 'debouncer' (0#1) [C:/Temp/xsvece00/PLD/CV4/SOURCES/debouncer.vhd:18]
INFO: [Synth 8-3491] module 'edge_detector' declared at 'C:/Temp/xsvece00/PLD/CV4/SOURCES/edge_detector.vhd:6' bound to instance 'edge_detector_i' of component 'edge_detector' [C:/Temp/xsvece00/PLD/CV4/SOURCES/btn_in.vhd:92]
INFO: [Synth 8-638] synthesizing module 'edge_detector' [C:/Temp/xsvece00/PLD/CV4/SOURCES/edge_detector.vhd:16]
WARNING: [Synth 8-614] signal 'sig_in' is read in the process but is not in the sensitivity list [C:/Temp/xsvece00/PLD/CV4/SOURCES/edge_detector.vhd:22]
INFO: [Synth 8-256] done synthesizing module 'edge_detector' (0#1) [C:/Temp/xsvece00/PLD/CV4/SOURCES/edge_detector.vhd:16]
INFO: [Synth 8-256] done synthesizing module 'btn_in' (0#1) [C:/Temp/xsvece00/PLD/CV4/SOURCES/btn_in.vhd:22]
	Parameter G_DEB_PERIOD bound to: 500000 - type: integer 
INFO: [Synth 8-3491] module 'btn_in' declared at 'C:/Temp/xsvece00/PLD/CV4/SOURCES/btn_in.vhd:6' bound to instance 'btn_in_2' of component 'btn_in' [C:/Temp/xsvece00/PLD/CV4/SOURCES/rp_top.vhd:163]
INFO: [Synth 8-3491] module 'stopwatch' declared at 'C:/Temp/xsvece00/PLD/CV4/SOURCES/stopwatch.vhd:6' bound to instance 'stopwatch_i' of component 'stopwatch' [C:/Temp/xsvece00/PLD/CV4/SOURCES/rp_top.vhd:178]
INFO: [Synth 8-638] synthesizing module 'stopwatch' [C:/Temp/xsvece00/PLD/CV4/SOURCES/stopwatch.vhd:20]
INFO: [Synth 8-256] done synthesizing module 'stopwatch' (0#1) [C:/Temp/xsvece00/PLD/CV4/SOURCES/stopwatch.vhd:20]
INFO: [Synth 8-3491] module 'stopwatch_fsm' declared at 'C:/Temp/xsvece00/PLD/CV4/SOURCES/stopwatch_fsm.vhd:6' bound to instance 'stopwatch_fsm_i' of component 'stopwatch_fsm' [C:/Temp/xsvece00/PLD/CV4/SOURCES/rp_top.vhd:193]
INFO: [Synth 8-638] synthesizing module 'stopwatch_fsm' [C:/Temp/xsvece00/PLD/CV4/SOURCES/stopwatch_fsm.vhd:17]
INFO: [Synth 8-256] done synthesizing module 'stopwatch_fsm' (0#1) [C:/Temp/xsvece00/PLD/CV4/SOURCES/stopwatch_fsm.vhd:17]
INFO: [Synth 8-256] done synthesizing module 'rp_top' (0#1) [C:/Temp/xsvece00/PLD/CV4/SOURCES/rp_top.vhd:16]
WARNING: [Synth 8-6014] Unused sequential element div_reg was removed.  [C:/Temp/xsvece00/PLD/CV4/SOURCES/ce_gen.vhd:30]
WARNING: [Synth 8-7129] Port srst in module ce_gen is either unconnected or has no load
WARNING: [Synth 8-7129] Port sw_i[3] in module rp_top is either unconnected or has no load
WARNING: [Synth 8-7129] Port sw_i[2] in module rp_top is either unconnected or has no load
WARNING: [Synth 8-7129] Port sw_i[1] in module rp_top is either unconnected or has no load
WARNING: [Synth 8-7129] Port sw_i[0] in module rp_top is either unconnected or has no load
---------------------------------------------------------------------------------
Finished RTL Elaboration : Time (s): cpu = 00:00:14 ; elapsed = 00:00:14 . Memory (MB): peak = 1826.016 ; gain = 551.418
---------------------------------------------------------------------------------
---------------------------------------------------------------------------------
Start Handling Custom Attributes
---------------------------------------------------------------------------------
---------------------------------------------------------------------------------
Finished Handling Custom Attributes : Time (s): cpu = 00:00:14 ; elapsed = 00:00:14 . Memory (MB): peak = 1826.016 ; gain = 551.418
---------------------------------------------------------------------------------
---------------------------------------------------------------------------------
Finished RTL Optimization Phase 1 : Time (s): cpu = 00:00:14 ; elapsed = 00:00:14 . Memory (MB): peak = 1826.016 ; gain = 551.418
---------------------------------------------------------------------------------
Netlist sorting complete. Time (s): cpu = 00:00:19 ; elapsed = 00:00:19 . Memory (MB): peak = 3222.730 ; gain = 0.000
INFO: [Project 1-570] Preparing netlist for logic optimization

Processing XDC Constraints
Initializing timing engine
Parsing XDC File [C:/Temp/xsvece00/PLD/CV4/SOURCES/seg_disp_driver/seg_disp_driver_in_context.xdc] for cell 'seg_disp_driver_i'
Finished Parsing XDC File [C:/Temp/xsvece00/PLD/CV4/SOURCES/seg_disp_driver/seg_disp_driver_in_context.xdc] for cell 'seg_disp_driver_i'
Parsing XDC File [C:/Temp/xsvece00/PLD/CV4/SOURCES/rp_top.xdc]
Finished Parsing XDC File [C:/Temp/xsvece00/PLD/CV4/SOURCES/rp_top.xdc]
INFO: [Project 1-236] Implementation specific constraints were found while reading constraint file [C:/Temp/xsvece00/PLD/CV4/SOURCES/rp_top.xdc]. These constraints will be ignored for synthesis but will be used in implementation. Impacted constraints are listed in the file [.Xil/rp_top_propImpl.xdc].
Resolution: To avoid this warning, move constraints listed in [.Xil/rp_top_propImpl.xdc] to another XDC file and exclude this new file from synthesis with the used_in_synthesis property (File Properties dialog in GUI) and re-run elaboration/synthesis.
write_xdc: Time (s): cpu = 00:00:17 ; elapsed = 00:00:13 . Memory (MB): peak = 5632.043 ; gain = 352.371
Completed Processing XDC Constraints

Netlist sorting complete. Time (s): cpu = 00:00:01 ; elapsed = 00:00:00.243 . Memory (MB): peak = 5656.859 ; gain = 0.000
INFO: [Project 1-111] Unisim Transformation Summary:
No Unisim elements were transformed.

write_xdc: Time (s): cpu = 00:00:06 ; elapsed = 00:00:05 . Memory (MB): peak = 5656.859 ; gain = 0.000
Constraint Validation Runtime : Time (s): cpu = 00:00:06 ; elapsed = 00:00:06 . Memory (MB): peak = 5656.859 ; gain = 0.000
---------------------------------------------------------------------------------
Finished Constraint Validation : Time (s): cpu = 00:03:44 ; elapsed = 00:03:29 . Memory (MB): peak = 5671.191 ; gain = 4396.594
---------------------------------------------------------------------------------
---------------------------------------------------------------------------------
Start Loading Part and Timing Information
---------------------------------------------------------------------------------
Loading part: xc7z010clg400-1
---------------------------------------------------------------------------------
Finished Loading Part and Timing Information : Time (s): cpu = 00:03:44 ; elapsed = 00:03:29 . Memory (MB): peak = 5671.191 ; gain = 4396.594
---------------------------------------------------------------------------------
---------------------------------------------------------------------------------
Start Applying 'set_property' XDC Constraints
---------------------------------------------------------------------------------
---------------------------------------------------------------------------------
Finished applying 'set_property' XDC Constraints : Time (s): cpu = 00:03:44 ; elapsed = 00:03:29 . Memory (MB): peak = 5671.191 ; gain = 4396.594
---------------------------------------------------------------------------------
INFO: [Synth 8-802] inferred FSM for state register 'pres_st_reg' in module 'stopwatch_fsm'

*** Running vivado
    with args -log rp_top.vds -m64 -product Vivado -mode batch -messageDb vivado.pb -notrace -source rp_top.tcl



****** Vivado v2022.1 (64-bit)
  **** SW Build 3526262 on Mon Apr 18 15:48:16 MDT 2022
  **** IP Build 3524634 on Mon Apr 18 20:55:01 MDT 2022
    ** Copyright 1986-2022 Xilinx, Inc. All Rights Reserved.

source rp_top.tcl -notrace
Command: synth_design -top rp_top -part xc7z010clg400-1
Starting synth_design
Attempting to get a license for feature 'Synthesis' and/or device 'xc7z010'
INFO: [Common 17-349] Got license for feature 'Synthesis' and/or device 'xc7z010'
INFO: [Device 21-403] Loading part xc7z010clg400-1
INFO: [Synth 8-7079] Multithreading enabled for synth_design using a maximum of 2 processes.
INFO: [Synth 8-7078] Launching helper process for spawning children vivado processes
INFO: [Synth 8-7075] Helper process launched with PID 8940
---------------------------------------------------------------------------------
Starting RTL Elaboration : Time (s): cpu = 00:00:07 ; elapsed = 00:00:07 . Memory (MB): peak = 1277.961 ; gain = 0.000
---------------------------------------------------------------------------------
INFO: [Synth 8-638] synthesizing module 'rp_top' [C:/Temp/xsvece00/PLD/CV4/SOURCES/rp_top.vhd:16]
INFO: [Synth 8-3491] module 'seg_disp_driver' declared at 'C:/Temp/xsvece00/PLD/CV4/Stopwatch.runs/synth_1/.Xil/Vivado-7252-PC-079/realtime/seg_disp_driver_stub.v:5' bound to instance 'seg_disp_driver_i' of component 'seg_disp_driver' [C:/Temp/xsvece00/PLD/CV4/SOURCES/rp_top.vhd:124]
INFO: [Synth 8-6157] synthesizing module 'seg_disp_driver' [C:/Temp/xsvece00/PLD/CV4/Stopwatch.runs/synth_1/.Xil/Vivado-7252-PC-079/realtime/seg_disp_driver_stub.v:5]
INFO: [Synth 8-6155] done synthesizing module 'seg_disp_driver' (0#1) [C:/Temp/xsvece00/PLD/CV4/Stopwatch.runs/synth_1/.Xil/Vivado-7252-PC-079/realtime/seg_disp_driver_stub.v:5]
INFO: [Synth 8-3491] module 'ce_gen' declared at 'C:/Temp/xsvece00/PLD/CV4/SOURCES/ce_gen.vhd:6' bound to instance 'ce_gen_i' of component 'ce_gen' [C:/Temp/xsvece00/PLD/CV4/SOURCES/rp_top.vhd:139]
INFO: [Synth 8-638] synthesizing module 'ce_gen' [C:/Temp/xsvece00/PLD/CV4/SOURCES/ce_gen.vhd:18]
	Parameter G_DIV_FACT bound to: 500000 - type: integer 
INFO: [Synth 8-256] done synthesizing module 'ce_gen' (0#1) [C:/Temp/xsvece00/PLD/CV4/SOURCES/ce_gen.vhd:18]
	Parameter G_DEB_PERIOD bound to: 500000 - type: integer 
INFO: [Synth 8-3491] module 'btn_in' declared at 'C:/Temp/xsvece00/PLD/CV4/SOURCES/btn_in.vhd:6' bound to instance 'btn_in_1' of component 'btn_in' [C:/Temp/xsvece00/PLD/CV4/SOURCES/rp_top.vhd:149]
INFO: [Synth 8-638] synthesizing module 'btn_in' [C:/Temp/xsvece00/PLD/CV4/SOURCES/btn_in.vhd:22]
	Parameter G_DEB_PERIOD bound to: 500000 - type: integer 
INFO: [Synth 8-3491] module 'sync_reg' declared at 'C:/Temp/xsvece00/PLD/CV4/SOURCES/sync_reg.vhd:6' bound to instance 'sync_reg_i' of component 'sync_reg' [C:/Temp/xsvece00/PLD/CV4/SOURCES/btn_in.vhd:69]
INFO: [Synth 8-638] synthesizing module 'sync_reg' [C:/Temp/xsvece00/PLD/CV4/SOURCES/sync_reg.vhd:15]
INFO: [Synth 8-256] done synthesizing module 'sync_reg' (0#1) [C:/Temp/xsvece00/PLD/CV4/SOURCES/sync_reg.vhd:15]
	Parameter G_DEB_PERIOD bound to: 500000 - type: integer 
INFO: [Synth 8-3491] module 'debouncer' declared at 'C:/Temp/xsvece00/PLD/CV4/SOURCES/debouncer.vhd:6' bound to instance 'debouncer_i' of component 'debouncer' [C:/Temp/xsvece00/PLD/CV4/SOURCES/btn_in.vhd:78]
INFO: [Synth 8-638] synthesizing module 'debouncer' [C:/Temp/xsvece00/PLD/CV4/SOURCES/debouncer.vhd:18]
	Parameter G_DEB_PERIOD bound to: 500000 - type: integer 
INFO: [Synth 8-256] done synthesizing module 'debouncer' (0#1) [C:/Temp/xsvece00/PLD/CV4/SOURCES/debouncer.vhd:18]
INFO: [Synth 8-3491] module 'edge_detector' declared at 'C:/Temp/xsvece00/PLD/CV4/SOURCES/edge_detector.vhd:6' bound to instance 'edge_detector_i' of component 'edge_detector' [C:/Temp/xsvece00/PLD/CV4/SOURCES/btn_in.vhd:92]
INFO: [Synth 8-638] synthesizing module 'edge_detector' [C:/Temp/xsvece00/PLD/CV4/SOURCES/edge_detector.vhd:16]
WARNING: [Synth 8-614] signal 'sig_in' is read in the process but is not in the sensitivity list [C:/Temp/xsvece00/PLD/CV4/SOURCES/edge_detector.vhd:22]
INFO: [Synth 8-256] done synthesizing module 'edge_detector' (0#1) [C:/Temp/xsvece00/PLD/CV4/SOURCES/edge_detector.vhd:16]
INFO: [Synth 8-256] done synthesizing module 'btn_in' (0#1) [C:/Temp/xsvece00/PLD/CV4/SOURCES/btn_in.vhd:22]
	Parameter G_DEB_PERIOD bound to: 500000 - type: integer 
INFO: [Synth 8-3491] module 'btn_in' declared at 'C:/Temp/xsvece00/PLD/CV4/SOURCES/btn_in.vhd:6' bound to instance 'btn_in_2' of component 'btn_in' [C:/Temp/xsvece00/PLD/CV4/SOURCES/rp_top.vhd:163]
INFO: [Synth 8-3491] module 'stopwatch' declared at 'C:/Temp/xsvece00/PLD/CV4/SOURCES/stopwatch.vhd:6' bound to instance 'stopwatch_i' of component 'stopwatch' [C:/Temp/xsvece00/PLD/CV4/SOURCES/rp_top.vhd:178]
INFO: [Synth 8-638] synthesizing module 'stopwatch' [C:/Temp/xsvece00/PLD/CV4/SOURCES/stopwatch.vhd:20]
INFO: [Synth 8-256] done synthesizing module 'stopwatch' (0#1) [C:/Temp/xsvece00/PLD/CV4/SOURCES/stopwatch.vhd:20]
INFO: [Synth 8-3491] module 'stopwatch_fsm' declared at 'C:/Temp/xsvece00/PLD/CV4/SOURCES/stopwatch_fsm.vhd:6' bound to instance 'stopwatch_fsm_i' of component 'stopwatch_fsm' [C:/Temp/xsvece00/PLD/CV4/SOURCES/rp_top.vhd:193]
INFO: [Synth 8-638] synthesizing module 'stopwatch_fsm' [C:/Temp/xsvece00/PLD/CV4/SOURCES/stopwatch_fsm.vhd:17]
INFO: [Synth 8-256] done synthesizing module 'stopwatch_fsm' (0#1) [C:/Temp/xsvece00/PLD/CV4/SOURCES/stopwatch_fsm.vhd:17]
INFO: [Synth 8-256] done synthesizing module 'rp_top' (0#1) [C:/Temp/xsvece00/PLD/CV4/SOURCES/rp_top.vhd:16]
WARNING: [Synth 8-7129] Port srst in module ce_gen is either unconnected or has no load
WARNING: [Synth 8-7129] Port sw_i[3] in module rp_top is either unconnected or has no load
WARNING: [Synth 8-7129] Port sw_i[2] in module rp_top is either unconnected or has no load
WARNING: [Synth 8-7129] Port sw_i[1] in module rp_top is either unconnected or has no load
WARNING: [Synth 8-7129] Port sw_i[0] in module rp_top is either unconnected or has no load
---------------------------------------------------------------------------------
Finished RTL Elaboration : Time (s): cpu = 00:00:14 ; elapsed = 00:00:14 . Memory (MB): peak = 1730.156 ; gain = 452.195
---------------------------------------------------------------------------------
---------------------------------------------------------------------------------
Start Handling Custom Attributes
---------------------------------------------------------------------------------
---------------------------------------------------------------------------------
Finished Handling Custom Attributes : Time (s): cpu = 00:00:14 ; elapsed = 00:00:14 . Memory (MB): peak = 1730.156 ; gain = 452.195
---------------------------------------------------------------------------------
---------------------------------------------------------------------------------
Finished RTL Optimization Phase 1 : Time (s): cpu = 00:00:14 ; elapsed = 00:00:14 . Memory (MB): peak = 1730.156 ; gain = 452.195
---------------------------------------------------------------------------------
Netlist sorting complete. Time (s): cpu = 00:00:19 ; elapsed = 00:00:19 . Memory (MB): peak = 3168.703 ; gain = 0.000
INFO: [Project 1-570] Preparing netlist for logic optimization

Processing XDC Constraints
Initializing timing engine
Parsing XDC File [C:/Temp/xsvece00/PLD/CV4/SOURCES/seg_disp_driver/seg_disp_driver_in_context.xdc] for cell 'seg_disp_driver_i'
Finished Parsing XDC File [C:/Temp/xsvece00/PLD/CV4/SOURCES/seg_disp_driver/seg_disp_driver_in_context.xdc] for cell 'seg_disp_driver_i'
Parsing XDC File [C:/Temp/xsvece00/PLD/CV4/SOURCES/rp_top.xdc]
Finished Parsing XDC File [C:/Temp/xsvece00/PLD/CV4/SOURCES/rp_top.xdc]
INFO: [Project 1-236] Implementation specific constraints were found while reading constraint file [C:/Temp/xsvece00/PLD/CV4/SOURCES/rp_top.xdc]. These constraints will be ignored for synthesis but will be used in implementation. Impacted constraints are listed in the file [.Xil/rp_top_propImpl.xdc].
Resolution: To avoid this warning, move constraints listed in [.Xil/rp_top_propImpl.xdc] to another XDC file and exclude this new file from synthesis with the used_in_synthesis property (File Properties dialog in GUI) and re-run elaboration/synthesis.
write_xdc: Time (s): cpu = 00:00:18 ; elapsed = 00:00:13 . Memory (MB): peak = 5625.754 ; gain = 353.582
Completed Processing XDC Constraints

Netlist sorting complete. Time (s): cpu = 00:00:00 ; elapsed = 00:00:00.251 . Memory (MB): peak = 5648.566 ; gain = 0.000
INFO: [Project 1-111] Unisim Transformation Summary:
No Unisim elements were transformed.

write_xdc: Time (s): cpu = 00:00:06 ; elapsed = 00:00:06 . Memory (MB): peak = 5648.566 ; gain = 0.000
Constraint Validation Runtime : Time (s): cpu = 00:00:06 ; elapsed = 00:00:06 . Memory (MB): peak = 5648.566 ; gain = 0.000
---------------------------------------------------------------------------------
Finished Constraint Validation : Time (s): cpu = 00:03:46 ; elapsed = 00:03:31 . Memory (MB): peak = 5648.566 ; gain = 4370.605
---------------------------------------------------------------------------------
---------------------------------------------------------------------------------
Start Loading Part and Timing Information
---------------------------------------------------------------------------------
Loading part: xc7z010clg400-1
---------------------------------------------------------------------------------
Finished Loading Part and Timing Information : Time (s): cpu = 00:03:46 ; elapsed = 00:03:31 . Memory (MB): peak = 5648.566 ; gain = 4370.605
---------------------------------------------------------------------------------
---------------------------------------------------------------------------------
Start Applying 'set_property' XDC Constraints
---------------------------------------------------------------------------------
---------------------------------------------------------------------------------
Finished applying 'set_property' XDC Constraints : Time (s): cpu = 00:03:46 ; elapsed = 00:03:31 . Memory (MB): peak = 5648.566 ; gain = 4370.605
---------------------------------------------------------------------------------
INFO: [Synth 8-802] inferred FSM for state register 'pres_st_reg' in module 'stopwatch_fsm'
---------------------------------------------------------------------------------------------------
                   State |                     New Encoding |                Previous Encoding 
---------------------------------------------------------------------------------------------------
                 st_idle |                            00001 |                              000
                  st_run |                            00010 |                              001
                 st_stop |                            00100 |                              100
                  st_lap |                            01000 |                              010
              st_refresh |                            10000 |                              011
---------------------------------------------------------------------------------------------------
INFO: [Synth 8-3354] encoded FSM with state register 'pres_st_reg' using encoding 'one-hot' in module 'stopwatch_fsm'
---------------------------------------------------------------------------------
Finished RTL Optimization Phase 2 : Time (s): cpu = 00:06:13 ; elapsed = 00:06:00 . Memory (MB): peak = 5648.566 ; gain = 4370.605
---------------------------------------------------------------------------------
---------------------------------------------------------------------------------
Start RTL Component Statistics 
---------------------------------------------------------------------------------
Detailed RTL Component Info : 
+---Adders : 
	   2 Input   19 Bit       Adders := 1     
	   2 Input    8 Bit       Adders := 4     
+---Registers : 
	           500000 Bit    Registers := 2     
	               19 Bit    Registers := 1     
	                8 Bit    Registers := 4     
	                4 Bit    Registers := 4     
	                1 Bit    Registers := 19    
+---Muxes : 
	   2 Input   19 Bit        Muxes := 1     
	   2 Input    8 Bit        Muxes := 10    
	   5 Input    5 Bit        Muxes := 1     
	   2 Input    5 Bit        Muxes := 7     
	   2 Input    1 Bit        Muxes := 9     
	   5 Input    1 Bit        Muxes := 2     
---------------------------------------------------------------------------------
Finished RTL Component Statistics 
---------------------------------------------------------------------------------
---------------------------------------------------------------------------------
Start Part Resource Summary
---------------------------------------------------------------------------------
Part Resources:
DSPs: 80 (col length:40)
BRAMs: 120 (col length: RAMB18 40 RAMB36 20)
---------------------------------------------------------------------------------
Finished Part Resource Summary
---------------------------------------------------------------------------------
---------------------------------------------------------------------------------
Start Cross Boundary and Area Optimization
---------------------------------------------------------------------------------
WARNING: [Synth 8-7080] Parallel synthesis criteria is not met
WARNING: [Synth 8-7129] Port sw_i[3] in module rp_top is either unconnected or has no load
WARNING: [Synth 8-7129] Port sw_i[2] in module rp_top is either unconnected or has no load
WARNING: [Synth 8-7129] Port sw_i[1] in module rp_top is either unconnected or has no load
WARNING: [Synth 8-7129] Port sw_i[0] in module rp_top is either unconnected or has no load
---------------------------------------------------------------------------------
Finished Cross Boundary and Area Optimization : Time (s): cpu = 00:07:58 ; elapsed = 00:07:48 . Memory (MB): peak = 5648.566 ; gain = 4370.605
---------------------------------------------------------------------------------
---------------------------------------------------------------------------------
Start Applying XDC Timing Constraints
---------------------------------------------------------------------------------
---------------------------------------------------------------------------------
Finished Applying XDC Timing Constraints : Time (s): cpu = 00:08:06 ; elapsed = 00:07:56 . Memory (MB): peak = 5648.566 ; gain = 4370.605
---------------------------------------------------------------------------------
---------------------------------------------------------------------------------
Start Timing Optimization
---------------------------------------------------------------------------------
---------------------------------------------------------------------------------
Finished Timing Optimization : Time (s): cpu = 00:08:06 ; elapsed = 00:07:56 . Memory (MB): peak = 5648.566 ; gain = 4370.605
---------------------------------------------------------------------------------
---------------------------------------------------------------------------------
Start Technology Mapping
---------------------------------------------------------------------------------
---------------------------------------------------------------------------------
Finished Technology Mapping : Time (s): cpu = 00:08:06 ; elapsed = 00:07:56 . Memory (MB): peak = 5648.566 ; gain = 4370.605
---------------------------------------------------------------------------------
---------------------------------------------------------------------------------
Start IO Insertion
---------------------------------------------------------------------------------
---------------------------------------------------------------------------------
Start Flattening Before IO Insertion
---------------------------------------------------------------------------------
---------------------------------------------------------------------------------
Finished Flattening Before IO Insertion
---------------------------------------------------------------------------------
---------------------------------------------------------------------------------
Start Final Netlist Cleanup
---------------------------------------------------------------------------------
---------------------------------------------------------------------------------
Finished Final Netlist Cleanup
---------------------------------------------------------------------------------
---------------------------------------------------------------------------------
Finished IO Insertion : Time (s): cpu = 00:08:12 ; elapsed = 00:08:02 . Memory (MB): peak = 5648.566 ; gain = 4370.605
---------------------------------------------------------------------------------
---------------------------------------------------------------------------------
Start Renaming Generated Instances
---------------------------------------------------------------------------------
---------------------------------------------------------------------------------
Finished Renaming Generated Instances : Time (s): cpu = 00:08:12 ; elapsed = 00:08:02 . Memory (MB): peak = 5648.566 ; gain = 4370.605
---------------------------------------------------------------------------------
---------------------------------------------------------------------------------
Start Rebuilding User Hierarchy
---------------------------------------------------------------------------------
---------------------------------------------------------------------------------
Finished Rebuilding User Hierarchy : Time (s): cpu = 00:08:12 ; elapsed = 00:08:02 . Memory (MB): peak = 5648.566 ; gain = 4370.605
---------------------------------------------------------------------------------
---------------------------------------------------------------------------------
Start Renaming Generated Ports
---------------------------------------------------------------------------------
---------------------------------------------------------------------------------
Finished Renaming Generated Ports : Time (s): cpu = 00:08:12 ; elapsed = 00:08:02 . Memory (MB): peak = 5648.566 ; gain = 4370.605
---------------------------------------------------------------------------------
---------------------------------------------------------------------------------
Start Handling Custom Attributes
---------------------------------------------------------------------------------
---------------------------------------------------------------------------------
Finished Handling Custom Attributes : Time (s): cpu = 00:08:12 ; elapsed = 00:08:02 . Memory (MB): peak = 5648.566 ; gain = 4370.605
---------------------------------------------------------------------------------
---------------------------------------------------------------------------------
Start Renaming Generated Nets
---------------------------------------------------------------------------------
---------------------------------------------------------------------------------
Finished Renaming Generated Nets : Time (s): cpu = 00:08:12 ; elapsed = 00:08:02 . Memory (MB): peak = 5648.566 ; gain = 4370.605
---------------------------------------------------------------------------------
---------------------------------------------------------------------------------
Start Writing Synthesis Report
---------------------------------------------------------------------------------

Report BlackBoxes: 
+------+----------------+----------+
|      |BlackBox name   |Instances |
+------+----------------+----------+
|1     |seg_disp_driver |         1|
+------+----------------+----------+

Report Cell Usage: 
+------+----------------+------+
|      |Cell            |Count |
+------+----------------+------+
|1     |seg_disp_driver |     1|
|2     |IBUF            |     1|
|3     |OBUF            |    21|
+------+----------------+------+
---------------------------------------------------------------------------------
Finished Writing Synthesis Report : Time (s): cpu = 00:08:12 ; elapsed = 00:08:02 . Memory (MB): peak = 5648.566 ; gain = 4370.605
---------------------------------------------------------------------------------
Synthesis finished with 0 errors, 0 critical warnings and 5 warnings.
Synthesis Optimization Runtime : Time (s): cpu = 00:04:35 ; elapsed = 00:04:55 . Memory (MB): peak = 5648.566 ; gain = 452.195
Synthesis Optimization Complete : Time (s): cpu = 00:08:12 ; elapsed = 00:08:02 . Memory (MB): peak = 5648.566 ; gain = 4370.605
INFO: [Project 1-571] Translating synthesized netlist
Netlist sorting complete. Time (s): cpu = 00:00:00 ; elapsed = 00:00:00.001 . Memory (MB): peak = 5648.566 ; gain = 0.000
INFO: [Project 1-570] Preparing netlist for logic optimization
INFO: [Opt 31-138] Pushed 0 inverter(s) to 0 load pin(s).
Netlist sorting complete. Time (s): cpu = 00:00:00 ; elapsed = 00:00:00 . Memory (MB): peak = 5648.566 ; gain = 0.000
INFO: [Project 1-111] Unisim Transformation Summary:
No Unisim elements were transformed.

Synth Design complete, checksum: e112edb7
INFO: [Common 17-83] Releasing license: Synthesis
42 Infos, 11 Warnings, 0 Critical Warnings and 0 Errors encountered.
synth_design completed successfully
synth_design: Time (s): cpu = 00:08:18 ; elapsed = 00:08:09 . Memory (MB): peak = 5648.566 ; gain = 4370.605
INFO: [Common 17-1381] The checkpoint 'C:/Temp/xsvece00/PLD/CV4/Stopwatch.runs/synth_1/rp_top.dcp' has been generated.
INFO: [runtcl-4] Executing : report_utilization -file rp_top_utilization_synth.rpt -pb rp_top_utilization_synth.pb
INFO: [Common 17-206] Exiting Vivado at Wed Mar  6 16:00:54 2024...
